<?xml version="1.0" encoding="UTF-8"?>
<!-- Generated by org.testng.reporters.JUnitXMLReporter -->
<testsuite hostname="Magl" name="Test" tests="3" failures="1" timestamp="8 Jul 2017 16:19:37 GMT" time="18.747" errors="0">
  <testcase name="test_Sogou" time="3.225" classname="test_ant.testNG"/>
  <testcase name="inputBox" time="3.71" classname="test_ant.testNG"/>
  <testcase name="news" time="3.028" classname="test_ant.testNG">
    <failure type="java.lang.AssertionError" message="expected [false] but found [true]">
      <![CDATA[java.lang.AssertionError: expected [false] but found [true]
	at test_ant.testNG.news(testNG.java:52)
... Removed 28 stack frames]]>
    </failure>
  </testcase> <!-- news -->
</testsuite> <!-- Test -->
